<?xml version="1.0" encoding="UTF-8"?>
<testng-results skipped="0" failed="1" ignored="0" total="1" passed="0">
  <reporter-output>
    <line>
      <![CDATA[<div style="display:block;margin-left:10px;"><div  class="teststeppass"><span class="teststeppass-label">T </span>Given Launch site "https://www.culinarycircle.com/"</div><div  class="teststeppass"><span class="teststeppass-label">T </span>Then Go to Recipe Page</div><div  class="teststeppass"><span class="teststeppass-label">T </span>And Get a random recipe name available</div><div  class="teststeppass"><span class="teststeppass-label">T </span>Then Enter the recipe name in search box</div><div  class="teststeppass"><span class="teststeppass-label">T </span>And Click Search icon</div><div  class="teststepfail"><span class="teststepfail-label">T </span>Then Validate the recipes search result for particular recipe <a href="img/SearchForRecipe_11g2zcp9rq62e46706.png" target="_blank">[View Screenshot]</a> </div><div style="display:block;margin-left:10px;"><div  class="fail"><span class="fail-label">F </span>Expected By.xpath: //ul[@class='results-list']/li/a[contains(translate(., 'abcdefghijklmnopqrstuvwxyz', 'ABCDEFGHIJKLMNOPQRSTUVWXYZ'),'LOX')] visible : Actual By.xpath: //ul[@class='results-list']/li/a[contains(translate(., 'abcdefghijklmnopqrstuvwxyz', 'ABCDEFGHIJKLMNOPQRSTUVWXYZ'),'LOX')] not visible <a href="img/SearchForRecipe_11g2zcp9rq62e46706.png" target="_blank">[View Screenshot]</a> </div></div></div>]]>
    </line>
  </reporter-output>
  <suite name="Web Demo Suite" duration-ms="130412" started-at="2018-11-24T14:00:31Z" finished-at="2018-11-24T14:02:42Z">
    <groups>
      <group name="@try">
        <method signature="src.main.resources.scenarios.Recipes.feature.Search for Recipe()[pri:1000, instance:com.qmetry.qaf.automation.step.client.Scenario@3e8]" name="Search for Recipe" class="com.qmetry.qaf.automation.step.client.Scenario"/>
      </group> <!-- @try -->
    </groups>
    <test name="Web Scenarios Chrome Test" duration-ms="130412" started-at="2018-11-24T14:00:31Z" finished-at="2018-11-24T14:02:42Z">
      <class name="com.qmetry.qaf.automation.step.client.Scenario">
        <test-method status="PASS" signature="setupSuit(org.testng.ITestContext)[pri:0, instance:com.qmetry.qaf.automation.step.client.Scenario@3e8]" test-instance-name="Search for Recipe" name="setupSuit" is-config="true" duration-ms="29" started-at="2018-11-24T19:30:31Z" finished-at="2018-11-24T19:30:31Z">
          <params>
            <param index="0">
              <value>
                <![CDATA[org.testng.TestRunner@60d8c9b7]]>
              </value>
            </param>
          </params>
          <reporter-output>
          </reporter-output>
        </test-method> <!-- setupSuit -->
        <test-method status="PASS" signature="setupTest(org.testng.ITestContext)[pri:0, instance:com.qmetry.qaf.automation.step.client.Scenario@3e8]" test-instance-name="Search for Recipe" name="setupTest" is-config="true" duration-ms="8" started-at="2018-11-24T19:30:31Z" finished-at="2018-11-24T19:30:31Z">
          <params>
            <param index="0">
              <value>
                <![CDATA[org.testng.TestRunner@60d8c9b7]]>
              </value>
            </param>
          </params>
          <reporter-output>
          </reporter-output>
        </test-method> <!-- setupTest -->
        <test-method status="PASS" signature="setup(org.testng.ITestContext)[pri:0, instance:com.qmetry.qaf.automation.step.client.Scenario@3e8]" test-instance-name="Search for Recipe" name="setup" is-config="true" duration-ms="1" started-at="2018-11-24T19:30:31Z" finished-at="2018-11-24T19:30:31Z">
          <params>
            <param index="0">
              <value>
                <![CDATA[org.testng.TestRunner@60d8c9b7]]>
              </value>
            </param>
          </params>
          <reporter-output>
          </reporter-output>
        </test-method> <!-- setup -->
        <test-method status="PASS" signature="setupMethod(java.lang.reflect.Method, org.testng.ITestContext)[pri:0, instance:com.qmetry.qaf.automation.step.client.Scenario@3e8]" test-instance-name="Search for Recipe" name="setupMethod" is-config="true" duration-ms="2" started-at="2018-11-24T19:30:31Z" finished-at="2018-11-24T19:30:31Z">
          <params>
            <param index="0">
              <value>
                <![CDATA[public void com.qmetry.qaf.automation.step.client.Scenario.scenario()]]>
              </value>
            </param>
            <param index="1">
              <value>
                <![CDATA[org.testng.TestRunner@60d8c9b7]]>
              </value>
            </param>
          </params>
          <reporter-output>
          </reporter-output>
        </test-method> <!-- setupMethod -->
        <test-method status="FAIL" signature="Search for Recipe()[pri:1000, instance:com.qmetry.qaf.automation.step.client.Scenario@3e8]" test-instance-name="Search for Recipe" name="Search for Recipe" duration-ms="130201" started-at="2018-11-24T19:30:31Z" finished-at="2018-11-24T19:32:41Z">
          <reporter-output>
            <line>
              <![CDATA[<div style="display:block;margin-left:10px;"><div  class="teststeppass"><span class="teststeppass-label">T </span>Given Launch site "https://www.culinarycircle.com/"</div><div  class="teststeppass"><span class="teststeppass-label">T </span>Then Go to Recipe Page</div><div  class="teststeppass"><span class="teststeppass-label">T </span>And Get a random recipe name available</div><div  class="teststeppass"><span class="teststeppass-label">T </span>Then Enter the recipe name in search box</div><div  class="teststeppass"><span class="teststeppass-label">T </span>And Click Search icon</div><div  class="teststepfail"><span class="teststepfail-label">T </span>Then Validate the recipes search result for particular recipe <a href="img/SearchForRecipe_11g2zcp9rq62e46706.png" target="_blank">[View Screenshot]</a> </div><div style="display:block;margin-left:10px;"><div  class="fail"><span class="fail-label">F </span>Expected By.xpath: //ul[@class='results-list']/li/a[contains(translate(., 'abcdefghijklmnopqrstuvwxyz', 'ABCDEFGHIJKLMNOPQRSTUVWXYZ'),'LOX')] visible : Actual By.xpath: //ul[@class='results-list']/li/a[contains(translate(., 'abcdefghijklmnopqrstuvwxyz', 'ABCDEFGHIJKLMNOPQRSTUVWXYZ'),'LOX')] not visible <a href="img/SearchForRecipe_11g2zcp9rq62e46706.png" target="_blank">[View Screenshot]</a> </div></div></div>]]>
            </line>
          </reporter-output>
        </test-method> <!-- Search for Recipe -->
        <test-method status="PASS" signature="afterMethod(org.testng.ITestContext, org.testng.ITestResult)[pri:0, instance:com.qmetry.qaf.automation.step.client.Scenario@3e8]" test-instance-name="Search for Recipe" name="afterMethod" is-config="true" duration-ms="0" started-at="2018-11-24T19:32:41Z" finished-at="2018-11-24T19:32:41Z">
          <params>
            <param index="0">
              <value>
                <![CDATA[org.testng.TestRunner@60d8c9b7]]>
              </value>
            </param>
            <param index="1">
              <value>
                <![CDATA[[TestResult name=Search for Recipe status=FAILURE method=src.main.resources.scenarios.Recipes.feature.Search for Recipe()[pri:1000, instance:com.qmetry.qaf.automation.step.client.Scenario@3e8] output=<div style="display:block;margin-left:10px;"><div  class="teststeppass"><span class="teststeppass-label">T </span>Given Launch site "https://www.culinarycircle.com/"</div><div  class="teststeppass"><span class="teststeppass-label">T </span>Then Go to Recipe Page</div><div  class="teststeppass"><span class="teststeppass-label">T </span>And Get a random recipe name available</div><div  class="teststeppass"><span class="teststeppass-label">T </span>Then Enter the recipe name in search box</div><div  class="teststeppass"><span class="teststeppass-label">T </span>And Click Search icon</div><div  class="teststepfail"><span class="teststepfail-label">T </span>Then Validate the recipes search result for particular recipe <a href="img/SearchForRecipe_11g2zcp9rq62e46706.png" target="_blank">[View Screenshot]</a> </div><div style="display:block;margin-left:10px;"><div  class="fail"><span class="fail-label">F </span>Expected By.xpath: //ul[@class='results-list']/li/a[contains(translate(., 'abcdefghijklmnopqrstuvwxyz', 'ABCDEFGHIJKLMNOPQRSTUVWXYZ'),'LOX')] visible : Actual By.xpath: //ul[@class='results-list']/li/a[contains(translate(., 'abcdefghijklmnopqrstuvwxyz', 'ABCDEFGHIJKLMNOPQRSTUVWXYZ'),'LOX')] not visible <a href="img/SearchForRecipe_11g2zcp9rq62e46706.png" target="_blank">[View Screenshot]</a> </div></div></div>]]]>
              </value>
            </param>
          </params>
          <reporter-output>
          </reporter-output>
        </test-method> <!-- afterMethod -->
        <test-method status="PASS" signature="afterClass(org.testng.ITestContext)[pri:0, instance:com.qmetry.qaf.automation.step.client.Scenario@3e8]" test-instance-name="Search for Recipe" name="afterClass" is-config="true" duration-ms="1" started-at="2018-11-24T19:32:41Z" finished-at="2018-11-24T19:32:41Z">
          <params>
            <param index="0">
              <value>
                <![CDATA[org.testng.TestRunner@60d8c9b7]]>
              </value>
            </param>
          </params>
          <reporter-output>
          </reporter-output>
        </test-method> <!-- afterClass -->
        <test-method status="PASS" signature="afterTest(org.testng.ITestContext)[pri:0, instance:com.qmetry.qaf.automation.step.client.Scenario@3e8]" test-instance-name="Search for Recipe" name="afterTest" is-config="true" duration-ms="148" started-at="2018-11-24T19:32:42Z" finished-at="2018-11-24T19:32:42Z">
          <params>
            <param index="0">
              <value>
                <![CDATA[org.testng.TestRunner@60d8c9b7]]>
              </value>
            </param>
          </params>
          <reporter-output>
          </reporter-output>
        </test-method> <!-- afterTest -->
      </class> <!-- com.qmetry.qaf.automation.step.client.Scenario -->
    </test> <!-- Web Scenarios Chrome Test -->
  </suite> <!-- Web Demo Suite -->
</testng-results>
